<?xml version="1.0" encoding="UTF-8"?>
<testsuite name="com.sp.fc.Test1" tests="1" skipped="0" failures="0" errors="0" timestamp="2023-02-09T06:41:58" hostname="gim-yongbin-ui-MacBookAir.local" time="0.024">
  <properties/>
  <testcase name="13." classname="com.sp.fc.Test1" time="0.024"/>
  <system-out><![CDATA[test
]]></system-out>
  <system-err><![CDATA[]]></system-err>
</testsuite>
